<?xml version="1.0" encoding="UTF-8"?>
<!-- Generated by org.testng.reporters.JUnitReportReporter -->
<testsuite hostname="TYSS-4F-043" name="ObjectRepository.Home" tests="1" failures="0" timestamp="17 Nov 2017 06:15:40 GMT" time="86.786" errors="0">
  <testcase name="test" time="86.786" classname="ObjectRepository.Home"/>
</testsuite> <!-- ObjectRepository.Home -->
