<?xml version="1.0" encoding="UTF-8"?>
<!-- Generated by org.testng.reporters.JUnitReportReporter -->
<testsuite skipped="0" hostname="TYSS-4F-043" name="Scripts.Home" tests="1" failures="0" timestamp="20 Nov 2017 12:22:22 GMT" time="15.941" errors="0">
  <testcase name="TestScript1" time="15.941" classname="Scripts.Home"/>
</testsuite> <!-- Scripts.Home -->
