<?xml version="1.0" encoding="UTF-8"?>
<!-- Generated by org.testng.reporters.JUnitReportReporter -->
<testsuite skipped="0" name="Scripts.Home" tests="1" failures="0" timestamp="17 Nov 2017 09:30:32 GMT" time="26.236" errors="0">
  <testcase name="TestScript1" time="26.236" classname="Scripts.Home"/>
</testsuite> <!-- Scripts.Home -->
